SF:/home/canizafa/Documentos/proyectos-propios/educhain/educhain_contract/lib.rs
FN:257,_RNvNtNtCs36oyEcKXR3t_17educhain_contract17educhain_contract5tests10create_app
FN:226,_RNCNvMNvNtCs36oyEcKXR3t_17educhain_contract17educhain_contracts3_1__NtB6_8Educhain21__revoke_certification0B8_
FN:163,_RNvMNvNtCs36oyEcKXR3t_17educhain_contract17educhain_contracts3_1__NtB4_8Educhain19__emit_certification
FN:222,_RNvMNvNtCs36oyEcKXR3t_17educhain_contract17educhain_contracts3_1__NtB4_8Educhain21__revoke_certification
FN:246,_RNvMNvNtCs36oyEcKXR3t_17educhain_contract17educhain_contracts3_1__NtB4_8Educhain28__get_certificates_of_student
FN:90,_RNvMNvNtCs36oyEcKXR3t_17educhain_contract17educhain_contracts3_1__NtB4_8Educhain11__grant_role
FN:109,_RNvMNvNtCs36oyEcKXR3t_17educhain_contract17educhain_contracts3_1__NtB4_8Educhain12__revoke_role
FN:71,_RNvMNvNtCs36oyEcKXR3t_17educhain_contract17educhain_contracts3_1__NtB4_8Educhain14owner_or_admin
FN:129,_RNvMNvNtCs36oyEcKXR3t_17educhain_contract17educhain_contracts3_1__NtB4_8Educhain15__transfer_owner
FN:65,_RNvMNvNtCs36oyEcKXR3t_17educhain_contract17educhain_contracts3_1__NtB4_8Educhain15invalid_address
FNDA:5,_RNvNtNtCs36oyEcKXR3t_17educhain_contract17educhain_contract5tests10create_app
FNDA:0,_RNCNvMNvNtCs36oyEcKXR3t_17educhain_contract17educhain_contracts3_1__NtB6_8Educhain21__revoke_certification0B8_
FNDA:0,_RNvMNvNtCs36oyEcKXR3t_17educhain_contract17educhain_contracts3_1__NtB4_8Educhain19__emit_certification
FNDA:0,_RNvMNvNtCs36oyEcKXR3t_17educhain_contract17educhain_contracts3_1__NtB4_8Educhain21__revoke_certification
FNDA:0,_RNvMNvNtCs36oyEcKXR3t_17educhain_contract17educhain_contracts3_1__NtB4_8Educhain28__get_certificates_of_student
FNDA:4,_RNvMNvNtCs36oyEcKXR3t_17educhain_contract17educhain_contracts3_1__NtB4_8Educhain11__grant_role
FNDA:3,_RNvMNvNtCs36oyEcKXR3t_17educhain_contract17educhain_contracts3_1__NtB4_8Educhain12__revoke_role
FNDA:3,_RNvMNvNtCs36oyEcKXR3t_17educhain_contract17educhain_contracts3_1__NtB4_8Educhain14owner_or_admin
FNDA:2,_RNvMNvNtCs36oyEcKXR3t_17educhain_contract17educhain_contracts3_1__NtB4_8Educhain15__transfer_owner
FNDA:9,_RNvMNvNtCs36oyEcKXR3t_17educhain_contract17educhain_contracts3_1__NtB4_8Educhain15invalid_address
FNF:10
FNH:6
DA:65,9
DA:66,9
DA:67,1
DA:68,8
DA:69,8
DA:70,9
DA:71,3
DA:72,3
DA:73,2
DA:74,1
DA:75,1
DA:76,1
DA:77,1
DA:78,1
DA:79,3
DA:90,4
DA:91,4
DA:92,2
DA:93,1
DA:94,1
DA:95,2
DA:96,3
DA:97,3
DA:98,4
DA:109,3
DA:110,3
DA:111,2
DA:112,1
DA:113,1
DA:114,1
DA:115,1
DA:116,1
DA:117,1
DA:118,3
DA:129,2
DA:130,2
DA:131,1
DA:132,1
DA:133,1
DA:134,1
DA:135,2
DA:163,0
DA:164,0
DA:165,0
DA:166,0
DA:167,0
DA:168,0
DA:169,0
DA:170,0
DA:171,0
DA:172,0
DA:173,0
DA:174,0
DA:175,0
DA:176,0
DA:177,0
DA:178,0
DA:179,0
DA:180,0
DA:181,0
DA:182,0
DA:183,0
DA:184,0
DA:185,0
DA:186,0
DA:187,0
DA:188,0
DA:189,0
DA:190,0
DA:222,0
DA:223,0
DA:224,0
DA:225,0
DA:226,0
DA:227,0
DA:228,0
DA:229,0
DA:230,0
DA:231,0
DA:232,0
DA:233,0
DA:234,0
DA:235,0
DA:236,0
DA:237,0
DA:246,0
DA:247,0
DA:248,0
DA:249,0
DA:251,0
DA:257,5
DA:258,5
DA:259,5
BRF:0
BRH:0
LF:94
LH:44
end_of_record